{"/home/raphael/Code/cozy/cozy-drive/src/lib/redux-cozy-client/CozyAPI.js": {"path":"/home/raphael/Code/cozy/cozy-drive/src/lib/redux-cozy-client/CozyAPI.js","statementMap":{"0":{"start":{"line":2,"column":22},"end":{"line":2,"column":37}},"1":{"start":{"line":3,"column":20},"end":{"line":3,"column":22}},"2":{"start":{"line":7,"column":4},"end":{"line":7,"column":28}},"3":{"start":{"line":12,"column":4},"end":{"line":34,"column":5}},"4":{"start":{"line":15,"column":19},"end":{"line":15,"column":101}},"5":{"start":{"line":19,"column":19},"end":{"line":19,"column":76}},"6":{"start":{"line":19,"column":43},"end":{"line":19,"column":75}},"7":{"start":{"line":21,"column":19},"end":{"line":21,"column":109}},"8":{"start":{"line":21,"column":35},"end":{"line":21,"column":108}},"9":{"start":{"line":23,"column":6},"end":{"line":28,"column":7}},"10":{"start":{"line":30,"column":6},"end":{"line":32,"column":7}},"11":{"start":{"line":31,"column":8},"end":{"line":31,"column":69}},"12":{"start":{"line":33,"column":6},"end":{"line":33,"column":17}},"13":{"start":{"line":38,"column":19},"end":{"line":38,"column":33}},"14":{"start":{"line":39,"column":17},"end":{"line":39,"column":34}},"15":{"start":{"line":41,"column":17},"end":{"line":43,"column":17}},"16":{"start":{"line":42,"column":31},"end":{"line":42,"column":65}},"17":{"start":{"line":45,"column":25},"end":{"line":53,"column":5}},"18":{"start":{"line":57,"column":4},"end":{"line":67,"column":5}},"19":{"start":{"line":58,"column":23},"end":{"line":58,"column":73}},"20":{"start":{"line":59,"column":6},"end":{"line":59,"column":90}},"21":{"start":{"line":59,"column":38},"end":{"line":59,"column":89}},"22":{"start":{"line":60,"column":6},"end":{"line":60,"column":26}},"23":{"start":{"line":61,"column":6},"end":{"line":61,"column":44}},"24":{"start":{"line":63,"column":23},"end":{"line":63,"column":72}},"25":{"start":{"line":64,"column":6},"end":{"line":64,"column":72}},"26":{"start":{"line":64,"column":38},"end":{"line":64,"column":71}},"27":{"start":{"line":65,"column":6},"end":{"line":65,"column":15}},"28":{"start":{"line":66,"column":6},"end":{"line":66,"column":26}},"29":{"start":{"line":70,"column":4},"end":{"line":70,"column":31}},"30":{"start":{"line":74,"column":16},"end":{"line":74,"column":56}},"31":{"start":{"line":76,"column":23},"end":{"line":76,"column":63}},"32":{"start":{"line":77,"column":4},"end":{"line":77,"column":33}},"33":{"start":{"line":81,"column":20},"end":{"line":81,"column":64}},"34":{"start":{"line":83,"column":23},"end":{"line":83,"column":54}},"35":{"start":{"line":84,"column":4},"end":{"line":84,"column":33}},"36":{"start":{"line":88,"column":20},"end":{"line":88,"column":82}},"37":{"start":{"line":90,"column":4},"end":{"line":90,"column":51}},"38":{"start":{"line":94,"column":26},"end":{"line":94,"column":70}},"39":{"start":{"line":96,"column":4},"end":{"line":96,"column":26}},"40":{"start":{"line":100,"column":4},"end":{"line":100,"column":62}},"41":{"start":{"line":104,"column":4},"end":{"line":110,"column":5}},"42":{"start":{"line":105,"column":19},"end":{"line":105,"column":59}},"43":{"start":{"line":107,"column":6},"end":{"line":107,"column":44}},"44":{"start":{"line":109,"column":6},"end":{"line":109,"column":17}},"45":{"start":{"line":114,"column":20},"end":{"line":114,"column":67}},"46":{"start":{"line":116,"column":4},"end":{"line":116,"column":45}},"47":{"start":{"line":120,"column":26},"end":{"line":120,"column":62}},"48":{"start":{"line":122,"column":4},"end":{"line":122,"column":27}},"49":{"start":{"line":127,"column":23},"end":{"line":127,"column":63}},"50":{"start":{"line":131,"column":31},"end":{"line":131,"column":116}},"51":{"start":{"line":133,"column":4},"end":{"line":138,"column":5}},"52":{"start":{"line":134,"column":51},"end":{"line":134,"column":105}},"53":{"start":{"line":142,"column":4},"end":{"line":142,"column":55}},"54":{"start":{"line":143,"column":4},"end":{"line":143,"column":14}},"55":{"start":{"line":148,"column":23},"end":{"line":148,"column":63}},"56":{"start":{"line":149,"column":4},"end":{"line":149,"column":65}},"57":{"start":{"line":150,"column":4},"end":{"line":150,"column":14}},"58":{"start":{"line":154,"column":22},"end":{"line":154,"column":97}},"59":{"start":{"line":154,"column":33},"end":{"line":154,"column":96}}},"fnMap":{"0":{"name":"(anonymous_0)","decl":{"start":{"line":6,"column":2},"end":{"line":6,"column":3}},"loc":{"start":{"line":6,"column":23},"end":{"line":8,"column":3}},"line":6},"1":{"name":"(anonymous_1)","decl":{"start":{"line":10,"column":2},"end":{"line":10,"column":3}},"loc":{"start":{"line":10,"column":33},"end":{"line":35,"column":3}},"line":10},"2":{"name":"(anonymous_2)","decl":{"start":{"line":19,"column":36},"end":{"line":19,"column":37}},"loc":{"start":{"line":19,"column":43},"end":{"line":19,"column":75}},"line":19},"3":{"name":"(anonymous_3)","decl":{"start":{"line":21,"column":28},"end":{"line":21,"column":29}},"loc":{"start":{"line":21,"column":35},"end":{"line":21,"column":108}},"line":21},"4":{"name":"(anonymous_4)","decl":{"start":{"line":37,"column":2},"end":{"line":37,"column":3}},"loc":{"start":{"line":37,"column":49},"end":{"line":71,"column":3}},"line":37},"5":{"name":"(anonymous_5)","decl":{"start":{"line":42,"column":25},"end":{"line":42,"column":26}},"loc":{"start":{"line":42,"column":31},"end":{"line":42,"column":65}},"line":42},"6":{"name":"(anonymous_6)","decl":{"start":{"line":59,"column":31},"end":{"line":59,"column":32}},"loc":{"start":{"line":59,"column":38},"end":{"line":59,"column":89}},"line":59},"7":{"name":"(anonymous_7)","decl":{"start":{"line":64,"column":31},"end":{"line":64,"column":32}},"loc":{"start":{"line":64,"column":38},"end":{"line":64,"column":71}},"line":64},"8":{"name":"(anonymous_8)","decl":{"start":{"line":73,"column":2},"end":{"line":73,"column":3}},"loc":{"start":{"line":73,"column":36},"end":{"line":78,"column":3}},"line":73},"9":{"name":"(anonymous_9)","decl":{"start":{"line":80,"column":2},"end":{"line":80,"column":3}},"loc":{"start":{"line":80,"column":29},"end":{"line":85,"column":3}},"line":80},"10":{"name":"(anonymous_10)","decl":{"start":{"line":87,"column":2},"end":{"line":87,"column":3}},"loc":{"start":{"line":87,"column":29},"end":{"line":91,"column":3}},"line":87},"11":{"name":"(anonymous_11)","decl":{"start":{"line":93,"column":2},"end":{"line":93,"column":3}},"loc":{"start":{"line":93,"column":29},"end":{"line":97,"column":3}},"line":93},"12":{"name":"(anonymous_12)","decl":{"start":{"line":99,"column":2},"end":{"line":99,"column":3}},"loc":{"start":{"line":99,"column":38},"end":{"line":101,"column":3}},"line":99},"13":{"name":"(anonymous_13)","decl":{"start":{"line":103,"column":2},"end":{"line":103,"column":3}},"loc":{"start":{"line":103,"column":31},"end":{"line":111,"column":3}},"line":103},"14":{"name":"(anonymous_14)","decl":{"start":{"line":113,"column":2},"end":{"line":113,"column":3}},"loc":{"start":{"line":113,"column":33},"end":{"line":117,"column":3}},"line":113},"15":{"name":"(anonymous_15)","decl":{"start":{"line":119,"column":2},"end":{"line":119,"column":3}},"loc":{"start":{"line":119,"column":25},"end":{"line":123,"column":3}},"line":119},"16":{"name":"(anonymous_16)","decl":{"start":{"line":125,"column":2},"end":{"line":125,"column":3}},"loc":{"start":{"line":125,"column":45},"end":{"line":139,"column":3}},"line":125},"17":{"name":"(anonymous_17)","decl":{"start":{"line":134,"column":42},"end":{"line":134,"column":43}},"loc":{"start":{"line":134,"column":51},"end":{"line":134,"column":105}},"line":134},"18":{"name":"(anonymous_18)","decl":{"start":{"line":141,"column":2},"end":{"line":141,"column":3}},"loc":{"start":{"line":141,"column":38},"end":{"line":144,"column":3}},"line":141},"19":{"name":"(anonymous_19)","decl":{"start":{"line":146,"column":2},"end":{"line":146,"column":3}},"loc":{"start":{"line":146,"column":41},"end":{"line":151,"column":3}},"line":146},"20":{"name":"(anonymous_20)","decl":{"start":{"line":154,"column":22},"end":{"line":154,"column":23}},"loc":{"start":{"line":154,"column":33},"end":{"line":154,"column":96}},"line":154}},"branchMap":{"0":{"loc":{"start":{"line":30,"column":6},"end":{"line":32,"column":7}},"type":"if","locations":[{"start":{"line":30,"column":6},"end":{"line":32,"column":7}},{"start":{"line":30,"column":6},"end":{"line":32,"column":7}}],"line":30},"1":{"loc":{"start":{"line":39,"column":17},"end":{"line":39,"column":34}},"type":"binary-expr","locations":[{"start":{"line":39,"column":17},"end":{"line":39,"column":29}},{"start":{"line":39,"column":33},"end":{"line":39,"column":34}}],"line":39},"2":{"loc":{"start":{"line":41,"column":17},"end":{"line":43,"column":17}},"type":"cond-expr","locations":[{"start":{"line":42,"column":8},"end":{"line":42,"column":67}},{"start":{"line":43,"column":8},"end":{"line":43,"column":17}}],"line":41},"3":{"loc":{"start":{"line":42,"column":38},"end":{"line":42,"column":63}},"type":"binary-expr","locations":[{"start":{"line":42,"column":38},"end":{"line":42,"column":53}},{"start":{"line":42,"column":57},"end":{"line":42,"column":63}}],"line":42},"4":{"loc":{"start":{"line":57,"column":4},"end":{"line":67,"column":5}},"type":"if","locations":[{"start":{"line":57,"column":4},"end":{"line":67,"column":5}},{"start":{"line":57,"column":4},"end":{"line":67,"column":5}}],"line":57},"5":{"loc":{"start":{"line":125,"column":35},"end":{"line":125,"column":43}},"type":"default-arg","locations":[{"start":{"line":125,"column":42},"end":{"line":125,"column":43}}],"line":125},"6":{"loc":{"start":{"line":134,"column":12},"end":{"line":134,"column":107}},"type":"cond-expr","locations":[{"start":{"line":134,"column":24},"end":{"line":134,"column":26}},{"start":{"line":134,"column":29},"end":{"line":134,"column":107}}],"line":134}},"s":{"0":1,"1":1,"2":0,"3":0,"4":0,"5":0,"6":0,"7":0,"8":0,"9":0,"10":0,"11":0,"12":0,"13":0,"14":0,"15":0,"16":0,"17":0,"18":0,"19":0,"20":0,"21":0,"22":0,"23":0,"24":0,"25":0,"26":0,"27":0,"28":0,"29":0,"30":0,"31":0,"32":0,"33":0,"34":0,"35":0,"36":0,"37":0,"38":0,"39":0,"40":0,"41":0,"42":0,"43":0,"44":0,"45":0,"46":0,"47":0,"48":0,"49":0,"50":0,"51":0,"52":0,"53":0,"54":0,"55":0,"56":0,"57":0,"58":1,"59":0},"f":{"0":0,"1":0,"2":0,"3":0,"4":0,"5":0,"6":0,"7":0,"8":0,"9":0,"10":0,"11":0,"12":0,"13":0,"14":0,"15":0,"16":0,"17":0,"18":0,"19":0,"20":0},"b":{"0":[0,0],"1":[0,0],"2":[0,0],"3":[0,0],"4":[0,0],"5":[0],"6":[0,0]},"_coverageSchema":"332fd63041d2c1bcb487cc26dd0d5f7d97098a6c","hash":"141d3d08aee89a247be99766b1e7714d0144398f"}
,"/home/raphael/Code/cozy/cozy-drive/src/lib/redux-cozy-client/CozyClient.js": {"path":"/home/raphael/Code/cozy/cozy-drive/src/lib/redux-cozy-client/CozyClient.js","statementMap":{"0":{"start":{"line":6,"column":4},"end":{"line":6,"column":21}},"1":{"start":{"line":7,"column":4},"end":{"line":7,"column":32}},"2":{"start":{"line":8,"column":4},"end":{"line":8,"column":34}},"3":{"start":{"line":12,"column":4},"end":{"line":15,"column":5}},"4":{"start":{"line":13,"column":20},"end":{"line":13,"column":73}},"5":{"start":{"line":14,"column":6},"end":{"line":14,"column":78}},"6":{"start":{"line":16,"column":4},"end":{"line":16,"column":49}},"7":{"start":{"line":20,"column":4},"end":{"line":20,"column":46}},"8":{"start":{"line":24,"column":4},"end":{"line":24,"column":33}},"9":{"start":{"line":28,"column":4},"end":{"line":28,"column":51}},"10":{"start":{"line":32,"column":4},"end":{"line":32,"column":48}},"11":{"start":{"line":36,"column":4},"end":{"line":36,"column":51}},"12":{"start":{"line":40,"column":4},"end":{"line":40,"column":39}},"13":{"start":{"line":44,"column":4},"end":{"line":44,"column":39}},"14":{"start":{"line":48,"column":4},"end":{"line":48,"column":39}},"15":{"start":{"line":52,"column":4},"end":{"line":52,"column":43}},"16":{"start":{"line":56,"column":4},"end":{"line":56,"column":35}},"17":{"start":{"line":60,"column":4},"end":{"line":63,"column":5}},"18":{"start":{"line":61,"column":18},"end":{"line":61,"column":69}},"19":{"start":{"line":62,"column":6},"end":{"line":62,"column":45}},"20":{"start":{"line":64,"column":4},"end":{"line":64,"column":40}},"21":{"start":{"line":68,"column":18},"end":{"line":68,"column":62}},"22":{"start":{"line":69,"column":25},"end":{"line":72,"column":6}},"23":{"start":{"line":73,"column":4},"end":{"line":73,"column":36}},"24":{"start":{"line":77,"column":4},"end":{"line":79,"column":5}},"25":{"start":{"line":78,"column":6},"end":{"line":78,"column":92}},"26":{"start":{"line":80,"column":4},"end":{"line":80,"column":29}},"27":{"start":{"line":84,"column":17},"end":{"line":84,"column":41}},"28":{"start":{"line":85,"column":4},"end":{"line":87,"column":5}},"29":{"start":{"line":86,"column":6},"end":{"line":86,"column":74}},"30":{"start":{"line":88,"column":4},"end":{"line":88,"column":29}},"31":{"start":{"line":92,"column":31},"end":{"line":92,"column":38}},"32":{"start":{"line":93,"column":4},"end":{"line":95,"column":5}},"33":{"start":{"line":94,"column":6},"end":{"line":94,"column":61}},"34":{"start":{"line":96,"column":4},"end":{"line":96,"column":32}}},"fnMap":{"0":{"name":"(anonymous_0)","decl":{"start":{"line":5,"column":2},"end":{"line":5,"column":3}},"loc":{"start":{"line":5,"column":23},"end":{"line":9,"column":3}},"line":5},"1":{"name":"(anonymous_1)","decl":{"start":{"line":11,"column":2},"end":{"line":11,"column":3}},"loc":{"start":{"line":11,"column":64},"end":{"line":17,"column":3}},"line":11},"2":{"name":"(anonymous_2)","decl":{"start":{"line":19,"column":2},"end":{"line":19,"column":3}},"loc":{"start":{"line":19,"column":36},"end":{"line":21,"column":3}},"line":19},"3":{"name":"(anonymous_3)","decl":{"start":{"line":23,"column":2},"end":{"line":23,"column":3}},"loc":{"start":{"line":23,"column":23},"end":{"line":25,"column":3}},"line":23},"4":{"name":"(anonymous_4)","decl":{"start":{"line":27,"column":2},"end":{"line":27,"column":3}},"loc":{"start":{"line":27,"column":45},"end":{"line":29,"column":3}},"line":27},"5":{"name":"(anonymous_5)","decl":{"start":{"line":31,"column":2},"end":{"line":31,"column":3}},"loc":{"start":{"line":31,"column":38},"end":{"line":33,"column":3}},"line":31},"6":{"name":"(anonymous_6)","decl":{"start":{"line":35,"column":2},"end":{"line":35,"column":3}},"loc":{"start":{"line":35,"column":41},"end":{"line":37,"column":3}},"line":35},"7":{"name":"(anonymous_7)","decl":{"start":{"line":39,"column":2},"end":{"line":39,"column":3}},"loc":{"start":{"line":39,"column":29},"end":{"line":41,"column":3}},"line":39},"8":{"name":"(anonymous_8)","decl":{"start":{"line":43,"column":2},"end":{"line":43,"column":3}},"loc":{"start":{"line":43,"column":29},"end":{"line":45,"column":3}},"line":43},"9":{"name":"(anonymous_9)","decl":{"start":{"line":47,"column":2},"end":{"line":47,"column":3}},"loc":{"start":{"line":47,"column":29},"end":{"line":49,"column":3}},"line":47},"10":{"name":"(anonymous_10)","decl":{"start":{"line":51,"column":2},"end":{"line":51,"column":3}},"loc":{"start":{"line":51,"column":33},"end":{"line":53,"column":3}},"line":51},"11":{"name":"(anonymous_11)","decl":{"start":{"line":55,"column":2},"end":{"line":55,"column":3}},"loc":{"start":{"line":55,"column":25},"end":{"line":57,"column":3}},"line":55},"12":{"name":"(anonymous_12)","decl":{"start":{"line":59,"column":2},"end":{"line":59,"column":3}},"loc":{"start":{"line":59,"column":37},"end":{"line":65,"column":3}},"line":59},"13":{"name":"(anonymous_13)","decl":{"start":{"line":67,"column":2},"end":{"line":67,"column":3}},"loc":{"start":{"line":67,"column":53},"end":{"line":74,"column":3}},"line":67},"14":{"name":"(anonymous_14)","decl":{"start":{"line":76,"column":2},"end":{"line":76,"column":3}},"loc":{"start":{"line":76,"column":52},"end":{"line":81,"column":3}},"line":76},"15":{"name":"(anonymous_15)","decl":{"start":{"line":83,"column":2},"end":{"line":83,"column":3}},"loc":{"start":{"line":83,"column":43},"end":{"line":89,"column":3}},"line":83},"16":{"name":"(anonymous_16)","decl":{"start":{"line":91,"column":2},"end":{"line":91,"column":3}},"loc":{"start":{"line":91,"column":27},"end":{"line":97,"column":3}},"line":91}},"branchMap":{"0":{"loc":{"start":{"line":11,"column":40},"end":{"line":11,"column":52}},"type":"default-arg","locations":[{"start":{"line":11,"column":50},"end":{"line":11,"column":52}}],"line":11},"1":{"loc":{"start":{"line":11,"column":54},"end":{"line":11,"column":62}},"type":"default-arg","locations":[{"start":{"line":11,"column":61},"end":{"line":11,"column":62}}],"line":11},"2":{"loc":{"start":{"line":12,"column":4},"end":{"line":15,"column":5}},"type":"if","locations":[{"start":{"line":12,"column":4},"end":{"line":15,"column":5}},{"start":{"line":12,"column":4},"end":{"line":15,"column":5}}],"line":12},"3":{"loc":{"start":{"line":27,"column":35},"end":{"line":27,"column":43}},"type":"default-arg","locations":[{"start":{"line":27,"column":42},"end":{"line":27,"column":43}}],"line":27},"4":{"loc":{"start":{"line":60,"column":4},"end":{"line":63,"column":5}},"type":"if","locations":[{"start":{"line":60,"column":4},"end":{"line":63,"column":5}},{"start":{"line":60,"column":4},"end":{"line":63,"column":5}}],"line":60},"5":{"loc":{"start":{"line":77,"column":4},"end":{"line":79,"column":5}},"type":"if","locations":[{"start":{"line":77,"column":4},"end":{"line":79,"column":5}},{"start":{"line":77,"column":4},"end":{"line":79,"column":5}}],"line":77},"6":{"loc":{"start":{"line":85,"column":4},"end":{"line":87,"column":5}},"type":"if","locations":[{"start":{"line":85,"column":4},"end":{"line":87,"column":5}},{"start":{"line":85,"column":4},"end":{"line":87,"column":5}}],"line":85},"7":{"loc":{"start":{"line":93,"column":4},"end":{"line":95,"column":5}},"type":"if","locations":[{"start":{"line":93,"column":4},"end":{"line":95,"column":5}},{"start":{"line":93,"column":4},"end":{"line":95,"column":5}}],"line":93}},"s":{"0":0,"1":0,"2":0,"3":0,"4":0,"5":0,"6":0,"7":0,"8":0,"9":0,"10":0,"11":0,"12":0,"13":0,"14":0,"15":0,"16":0,"17":0,"18":0,"19":0,"20":0,"21":0,"22":0,"23":0,"24":0,"25":0,"26":0,"27":0,"28":0,"29":0,"30":0,"31":0,"32":0,"33":0,"34":0},"f":{"0":0,"1":0,"2":0,"3":0,"4":0,"5":0,"6":0,"7":0,"8":0,"9":0,"10":0,"11":0,"12":0,"13":0,"14":0,"15":0,"16":0},"b":{"0":[0],"1":[0],"2":[0,0],"3":[0],"4":[0,0],"5":[0,0],"6":[0,0],"7":[0,0]},"_coverageSchema":"332fd63041d2c1bcb487cc26dd0d5f7d97098a6c","hash":"b780631dbd4dc54aab10d82b2c2e7e6a73026d5d"}
,"/home/raphael/Code/cozy/cozy-drive/src/lib/redux-cozy-client/CozyProvider.jsx": {"path":"/home/raphael/Code/cozy/cozy-drive/src/lib/redux-cozy-client/CozyProvider.jsx","statementMap":{"0":{"start":{"line":25,"column":4},"end":{"line":28,"column":5}},"1":{"start":{"line":32,"column":4},"end":{"line":32,"column":66}}},"fnMap":{"0":{"name":"(anonymous_0)","decl":{"start":{"line":24,"column":2},"end":{"line":24,"column":3}},"loc":{"start":{"line":24,"column":21},"end":{"line":29,"column":3}},"line":24},"1":{"name":"(anonymous_1)","decl":{"start":{"line":31,"column":2},"end":{"line":31,"column":3}},"loc":{"start":{"line":31,"column":12},"end":{"line":33,"column":3}},"line":31}},"branchMap":{"0":{"loc":{"start":{"line":26,"column":13},"end":{"line":26,"column":51}},"type":"binary-expr","locations":[{"start":{"line":26,"column":13},"end":{"line":26,"column":29}},{"start":{"line":26,"column":33},"end":{"line":26,"column":51}}],"line":26},"1":{"loc":{"start":{"line":32,"column":11},"end":{"line":32,"column":66}},"type":"binary-expr","locations":[{"start":{"line":32,"column":12},"end":{"line":32,"column":31}},{"start":{"line":32,"column":35},"end":{"line":32,"column":57}},{"start":{"line":32,"column":62},"end":{"line":32,"column":66}}],"line":32}},"s":{"0":0,"1":0},"f":{"0":0,"1":0},"b":{"0":[0,0],"1":[0,0,0]},"_coverageSchema":"332fd63041d2c1bcb487cc26dd0d5f7d97098a6c","hash":"90d7d6db8af7e0003166b869c268c258f06d0dfd"}
,"/home/raphael/Code/cozy/cozy-drive/src/lib/redux-cozy-client/connect.jsx": {"path":"/home/raphael/Code/cozy/cozy-drive/src/lib/redux-cozy-client/connect.jsx","statementMap":{"0":{"start":{"line":8,"column":26},"end":{"line":8,"column":124}},"1":{"start":{"line":8,"column":38},"end":{"line":8,"column":124}},"2":{"start":{"line":10,"column":21},"end":{"line":22,"column":2}},"3":{"start":{"line":10,"column":56},"end":{"line":22,"column":2}},"4":{"start":{"line":11,"column":21},"end":{"line":11,"column":36}},"5":{"start":{"line":12,"column":2},"end":{"line":14,"column":3}},"6":{"start":{"line":13,"column":4},"end":{"line":13,"column":21}},"7":{"start":{"line":15,"column":20},"end":{"line":17,"column":10}},"8":{"start":{"line":16,"column":12},"end":{"line":16,"column":73}},"9":{"start":{"line":18,"column":2},"end":{"line":21,"column":3}},"10":{"start":{"line":24,"column":16},"end":{"line":70,"column":1}},"11":{"start":{"line":24,"column":67},"end":{"line":70,"column":1}},"12":{"start":{"line":27,"column":31},"end":{"line":27,"column":41}},"13":{"start":{"line":28,"column":23},"end":{"line":28,"column":50}},"14":{"start":{"line":29,"column":6},"end":{"line":31,"column":7}},"15":{"start":{"line":30,"column":8},"end":{"line":30,"column":40}},"16":{"start":{"line":35,"column":38},"end":{"line":35,"column":50}},"17":{"start":{"line":36,"column":31},"end":{"line":36,"column":41}},"18":{"start":{"line":37,"column":20},"end":{"line":43,"column":7}},"19":{"start":{"line":44,"column":6},"end":{"line":44,"column":44}},"20":{"start":{"line":48,"column":30},"end":{"line":67,"column":3}},"21":{"start":{"line":49,"column":25},"end":{"line":49,"column":61}},"22":{"start":{"line":51,"column":21},"end":{"line":51,"column":73}},"23":{"start":{"line":51,"column":33},"end":{"line":51,"column":73}},"24":{"start":{"line":52,"column":25},"end":{"line":52,"column":77}},"25":{"start":{"line":52,"column":62},"end":{"line":52,"column":76}},"26":{"start":{"line":53,"column":23},"end":{"line":53,"column":76}},"27":{"start":{"line":53,"column":60},"end":{"line":53,"column":75}},"28":{"start":{"line":55,"column":21},"end":{"line":59,"column":5}},"29":{"start":{"line":56,"column":6},"end":{"line":58,"column":53}},"30":{"start":{"line":61,"column":28},"end":{"line":65,"column":6}},"31":{"start":{"line":61,"column":40},"end":{"line":65,"column":5}},"32":{"start":{"line":62,"column":45},"end":{"line":62,"column":96}},"33":{"start":{"line":66,"column":4},"end":{"line":66,"column":26}},"34":{"start":{"line":69,"column":2},"end":{"line":69,"column":70}}},"fnMap":{"0":{"name":"(anonymous_0)","decl":{"start":{"line":8,"column":26},"end":{"line":8,"column":27}},"loc":{"start":{"line":8,"column":38},"end":{"line":8,"column":124}},"line":8},"1":{"name":"(anonymous_1)","decl":{"start":{"line":10,"column":21},"end":{"line":10,"column":22}},"loc":{"start":{"line":10,"column":56},"end":{"line":22,"column":2}},"line":10},"2":{"name":"(anonymous_2)","decl":{"start":{"line":10,"column":80},"end":{"line":10,"column":81}},"loc":{"start":{"line":10,"column":102},"end":{"line":22,"column":1}},"line":10},"3":{"name":"(anonymous_3)","decl":{"start":{"line":16,"column":6},"end":{"line":16,"column":7}},"loc":{"start":{"line":16,"column":12},"end":{"line":16,"column":73}},"line":16},"4":{"name":"(anonymous_4)","decl":{"start":{"line":24,"column":16},"end":{"line":24,"column":17}},"loc":{"start":{"line":24,"column":67},"end":{"line":70,"column":1}},"line":24},"5":{"name":"(anonymous_5)","decl":{"start":{"line":24,"column":67},"end":{"line":24,"column":68}},"loc":{"start":{"line":24,"column":89},"end":{"line":70,"column":1}},"line":24},"6":{"name":"(anonymous_6)","decl":{"start":{"line":26,"column":4},"end":{"line":26,"column":5}},"loc":{"start":{"line":26,"column":25},"end":{"line":32,"column":5}},"line":26},"7":{"name":"(anonymous_7)","decl":{"start":{"line":34,"column":4},"end":{"line":34,"column":5}},"loc":{"start":{"line":34,"column":14},"end":{"line":45,"column":5}},"line":34},"8":{"name":"(anonymous_8)","decl":{"start":{"line":48,"column":30},"end":{"line":48,"column":31}},"loc":{"start":{"line":48,"column":65},"end":{"line":67,"column":3}},"line":48},"9":{"name":"(anonymous_9)","decl":{"start":{"line":51,"column":21},"end":{"line":51,"column":22}},"loc":{"start":{"line":51,"column":33},"end":{"line":51,"column":73}},"line":51},"10":{"name":"(anonymous_10)","decl":{"start":{"line":52,"column":52},"end":{"line":52,"column":53}},"loc":{"start":{"line":52,"column":62},"end":{"line":52,"column":76}},"line":52},"11":{"name":"(anonymous_11)","decl":{"start":{"line":53,"column":50},"end":{"line":53,"column":51}},"loc":{"start":{"line":53,"column":60},"end":{"line":53,"column":75}},"line":53},"12":{"name":"(anonymous_12)","decl":{"start":{"line":55,"column":21},"end":{"line":55,"column":22}},"loc":{"start":{"line":55,"column":40},"end":{"line":59,"column":5}},"line":55},"13":{"name":"(anonymous_13)","decl":{"start":{"line":61,"column":28},"end":{"line":61,"column":29}},"loc":{"start":{"line":61,"column":40},"end":{"line":65,"column":5}},"line":61},"14":{"name":"(anonymous_14)","decl":{"start":{"line":62,"column":33},"end":{"line":62,"column":34}},"loc":{"start":{"line":62,"column":45},"end":{"line":62,"column":96}},"line":62}},"branchMap":{"0":{"loc":{"start":{"line":8,"column":38},"end":{"line":8,"column":124}},"type":"binary-expr","locations":[{"start":{"line":8,"column":38},"end":{"line":8,"column":76}},{"start":{"line":8,"column":80},"end":{"line":8,"column":124}}],"line":8},"1":{"loc":{"start":{"line":12,"column":2},"end":{"line":14,"column":3}},"type":"if","locations":[{"start":{"line":12,"column":2},"end":{"line":14,"column":3}},{"start":{"line":12,"column":2},"end":{"line":14,"column":3}}],"line":12},"2":{"loc":{"start":{"line":15,"column":20},"end":{"line":17,"column":10}},"type":"cond-expr","locations":[{"start":{"line":16,"column":6},"end":{"line":16,"column":73}},{"start":{"line":17,"column":6},"end":{"line":17,"column":10}}],"line":15},"3":{"loc":{"start":{"line":24,"column":38},"end":{"line":24,"column":62}},"type":"default-arg","locations":[{"start":{"line":24,"column":58},"end":{"line":24,"column":62}}],"line":24},"4":{"loc":{"start":{"line":51,"column":33},"end":{"line":51,"column":73}},"type":"binary-expr","locations":[{"start":{"line":51,"column":33},"end":{"line":51,"column":39}},{"start":{"line":51,"column":43},"end":{"line":51,"column":55}},{"start":{"line":51,"column":59},"end":{"line":51,"column":73}}],"line":51},"5":{"loc":{"start":{"line":56,"column":13},"end":{"line":58,"column":53}},"type":"cond-expr","locations":[{"start":{"line":57,"column":8},"end":{"line":57,"column":47}},{"start":{"line":58,"column":8},"end":{"line":58,"column":53}}],"line":56},"6":{"loc":{"start":{"line":62,"column":45},"end":{"line":62,"column":96}},"type":"cond-expr","locations":[{"start":{"line":62,"column":64},"end":{"line":62,"column":87}},{"start":{"line":62,"column":90},"end":{"line":62,"column":96}}],"line":62}},"s":{"0":1,"1":0,"2":1,"3":0,"4":0,"5":0,"6":0,"7":0,"8":0,"9":0,"10":1,"11":0,"12":0,"13":0,"14":0,"15":0,"16":0,"17":0,"18":0,"19":0,"20":0,"21":0,"22":0,"23":0,"24":0,"25":0,"26":0,"27":0,"28":0,"29":0,"30":0,"31":0,"32":0,"33":0,"34":0},"f":{"0":0,"1":0,"2":0,"3":0,"4":0,"5":0,"6":0,"7":0,"8":0,"9":0,"10":0,"11":0,"12":0,"13":0,"14":0},"b":{"0":[0,0],"1":[0,0],"2":[0,0],"3":[0],"4":[0,0,0],"5":[0,0],"6":[0,0]},"_coverageSchema":"332fd63041d2c1bcb487cc26dd0d5f7d97098a6c","hash":"5a00fc69c491345d61ddfb593324f553ed33fb70"}
,"/home/raphael/Code/cozy/cozy-drive/src/lib/redux-cozy-client/helpers.js": {"path":"/home/raphael/Code/cozy/cozy-drive/src/lib/redux-cozy-client/helpers.js","statementMap":{"0":{"start":{"line":3,"column":16},"end":{"line":9,"column":23}},"1":{"start":{"line":4,"column":2},"end":{"line":9,"column":23}},"2":{"start":{"line":11,"column":26},"end":{"line":19,"column":1}},"3":{"start":{"line":12,"column":18},"end":{"line":12,"column":45}},"4":{"start":{"line":13,"column":2},"end":{"line":13,"column":36}},"5":{"start":{"line":14,"column":2},"end":{"line":14,"column":44}},"6":{"start":{"line":15,"column":2},"end":{"line":15,"column":32}},"7":{"start":{"line":16,"column":2},"end":{"line":16,"column":36}},"8":{"start":{"line":17,"column":2},"end":{"line":17,"column":17}},"9":{"start":{"line":18,"column":2},"end":{"line":18,"column":36}},"10":{"start":{"line":22,"column":31},"end":{"line":27,"column":1}},"11":{"start":{"line":23,"column":19},"end":{"line":23,"column":45}},"12":{"start":{"line":24,"column":15},"end":{"line":24,"column":77}},"13":{"start":{"line":25,"column":19},"end":{"line":25,"column":51}},"14":{"start":{"line":26,"column":2},"end":{"line":26,"column":48}},"15":{"start":{"line":29,"column":28},"end":{"line":34,"column":1}},"16":{"start":{"line":30,"column":19},"end":{"line":30,"column":64}},"17":{"start":{"line":31,"column":15},"end":{"line":31,"column":36}},"18":{"start":{"line":32,"column":19},"end":{"line":32,"column":28}},"19":{"start":{"line":33,"column":2},"end":{"line":33,"column":63}}},"fnMap":{"0":{"name":"(anonymous_0)","decl":{"start":{"line":3,"column":16},"end":{"line":3,"column":17}},"loc":{"start":{"line":4,"column":2},"end":{"line":9,"column":23}},"line":4},"1":{"name":"(anonymous_1)","decl":{"start":{"line":11,"column":26},"end":{"line":11,"column":27}},"loc":{"start":{"line":11,"column":46},"end":{"line":19,"column":1}},"line":11},"2":{"name":"(anonymous_2)","decl":{"start":{"line":22,"column":31},"end":{"line":22,"column":32}},"loc":{"start":{"line":22,"column":69},"end":{"line":27,"column":1}},"line":22},"3":{"name":"(anonymous_3)","decl":{"start":{"line":29,"column":28},"end":{"line":29,"column":29}},"loc":{"start":{"line":29,"column":44},"end":{"line":34,"column":1}},"line":29}},"branchMap":{},"s":{"0":1,"1":0,"2":1,"3":0,"4":0,"5":0,"6":0,"7":0,"8":0,"9":0,"10":1,"11":0,"12":0,"13":0,"14":0,"15":1,"16":0,"17":0,"18":0,"19":0},"f":{"0":0,"1":0,"2":0,"3":0},"b":{},"_coverageSchema":"332fd63041d2c1bcb487cc26dd0d5f7d97098a6c","hash":"7d31e92532ee9d90975a6ffd62b0892be9f88f60"}
,"/home/raphael/Code/cozy/cozy-drive/src/lib/redux-cozy-client/index.js": {"path":"/home/raphael/Code/cozy/cozy-drive/src/lib/redux-cozy-client/index.js","statementMap":{},"fnMap":{},"branchMap":{},"s":{},"f":{},"b":{},"_coverageSchema":"332fd63041d2c1bcb487cc26dd0d5f7d97098a6c","hash":"4e716b366fe8a4fd990ad4a1c819aa336e918e46"}
,"/home/raphael/Code/cozy/cozy-drive/src/lib/redux-cozy-client/middleware.js": {"path":"/home/raphael/Code/cozy/cozy-drive/src/lib/redux-cozy-client/middleware.js","statementMap":{"0":{"start":{"line":1,"column":23},"end":{"line":39,"column":1}},"1":{"start":{"line":1,"column":35},"end":{"line":39,"column":1}},"2":{"start":{"line":2,"column":2},"end":{"line":38,"column":3}},"3":{"start":{"line":2,"column":17},"end":{"line":38,"column":3}},"4":{"start":{"line":3,"column":46},"end":{"line":3,"column":52}},"5":{"start":{"line":4,"column":4},"end":{"line":6,"column":5}},"6":{"start":{"line":5,"column":6},"end":{"line":5,"column":25}},"7":{"start":{"line":8,"column":4},"end":{"line":11,"column":5}},"8":{"start":{"line":9,"column":6},"end":{"line":10,"column":43}},"9":{"start":{"line":10,"column":26},"end":{"line":10,"column":42}},"10":{"start":{"line":13,"column":4},"end":{"line":19,"column":5}},"11":{"start":{"line":14,"column":6},"end":{"line":18,"column":10}},"12":{"start":{"line":16,"column":10},"end":{"line":16,"column":41}},"13":{"start":{"line":17,"column":10},"end":{"line":17,"column":25}},"14":{"start":{"line":21,"column":40},"end":{"line":21,"column":45}},"15":{"start":{"line":22,"column":4},"end":{"line":22,"column":34}},"16":{"start":{"line":24,"column":4},"end":{"line":37,"column":8}},"17":{"start":{"line":27,"column":10},"end":{"line":27,"column":50}},"18":{"start":{"line":28,"column":10},"end":{"line":28,"column":25}},"19":{"start":{"line":31,"column":10},"end":{"line":31,"column":28}},"20":{"start":{"line":32,"column":10},"end":{"line":32,"column":47}},"21":{"start":{"line":35,"column":8},"end":{"line":35,"column":49}},"22":{"start":{"line":36,"column":8},"end":{"line":36,"column":45}}},"fnMap":{"0":{"name":"(anonymous_0)","decl":{"start":{"line":1,"column":23},"end":{"line":1,"column":24}},"loc":{"start":{"line":1,"column":35},"end":{"line":39,"column":1}},"line":1},"1":{"name":"(anonymous_1)","decl":{"start":{"line":1,"column":35},"end":{"line":1,"column":36}},"loc":{"start":{"line":1,"column":63},"end":{"line":39,"column":1}},"line":1},"2":{"name":"(anonymous_2)","decl":{"start":{"line":2,"column":9},"end":{"line":2,"column":10}},"loc":{"start":{"line":2,"column":17},"end":{"line":38,"column":3}},"line":2},"3":{"name":"(anonymous_3)","decl":{"start":{"line":2,"column":17},"end":{"line":2,"column":18}},"loc":{"start":{"line":2,"column":27},"end":{"line":38,"column":3}},"line":2},"4":{"name":"(anonymous_4)","decl":{"start":{"line":10,"column":14},"end":{"line":10,"column":15}},"loc":{"start":{"line":10,"column":26},"end":{"line":10,"column":42}},"line":10},"5":{"name":"(anonymous_5)","decl":{"start":{"line":15,"column":14},"end":{"line":15,"column":15}},"loc":{"start":{"line":15,"column":28},"end":{"line":18,"column":9}},"line":15},"6":{"name":"(anonymous_6)","decl":{"start":{"line":26,"column":8},"end":{"line":26,"column":9}},"loc":{"start":{"line":26,"column":22},"end":{"line":29,"column":9}},"line":26},"7":{"name":"(anonymous_7)","decl":{"start":{"line":30,"column":8},"end":{"line":30,"column":9}},"loc":{"start":{"line":30,"column":19},"end":{"line":33,"column":9}},"line":30},"8":{"name":"(anonymous_8)","decl":{"start":{"line":34,"column":14},"end":{"line":34,"column":15}},"loc":{"start":{"line":34,"column":25},"end":{"line":37,"column":7}},"line":34}},"branchMap":{"0":{"loc":{"start":{"line":4,"column":4},"end":{"line":6,"column":5}},"type":"if","locations":[{"start":{"line":4,"column":4},"end":{"line":6,"column":5}},{"start":{"line":4,"column":4},"end":{"line":6,"column":5}}],"line":4},"1":{"loc":{"start":{"line":8,"column":4},"end":{"line":11,"column":5}},"type":"if","locations":[{"start":{"line":8,"column":4},"end":{"line":11,"column":5}},{"start":{"line":8,"column":4},"end":{"line":11,"column":5}}],"line":8},"2":{"loc":{"start":{"line":8,"column":8},"end":{"line":8,"column":23}},"type":"binary-expr","locations":[{"start":{"line":8,"column":8},"end":{"line":8,"column":13}},{"start":{"line":8,"column":17},"end":{"line":8,"column":23}}],"line":8},"3":{"loc":{"start":{"line":13,"column":4},"end":{"line":19,"column":5}},"type":"if","locations":[{"start":{"line":13,"column":4},"end":{"line":19,"column":5}},{"start":{"line":13,"column":4},"end":{"line":19,"column":5}}],"line":13}},"s":{"0":1,"1":0,"2":0,"3":0,"4":0,"5":0,"6":0,"7":0,"8":0,"9":0,"10":0,"11":0,"12":0,"13":0,"14":0,"15":0,"16":0,"17":0,"18":0,"19":0,"20":0,"21":0,"22":0},"f":{"0":0,"1":0,"2":0,"3":0,"4":0,"5":0,"6":0,"7":0,"8":0},"b":{"0":[0,0],"1":[0,0],"2":[0,0],"3":[0,0]},"_coverageSchema":"332fd63041d2c1bcb487cc26dd0d5f7d97098a6c","hash":"1f05ef4adfe66b4aa81e2d10e037f70f47156de8"}
,"/home/raphael/Code/cozy/cozy-drive/src/lib/redux-cozy-client/reducer.js": {"path":"/home/raphael/Code/cozy/cozy-drive/src/lib/redux-cozy-client/reducer.js","statementMap":{"0":{"start":{"line":4,"column":23},"end":{"line":4,"column":39}},"1":{"start":{"line":5,"column":25},"end":{"line":5,"column":43}},"2":{"start":{"line":6,"column":21},"end":{"line":6,"column":35}},"3":{"start":{"line":7,"column":22},"end":{"line":7,"column":37}},"4":{"start":{"line":8,"column":31},"end":{"line":8,"column":48}},"5":{"start":{"line":9,"column":24},"end":{"line":9,"column":41}},"6":{"start":{"line":10,"column":24},"end":{"line":10,"column":41}},"7":{"start":{"line":11,"column":29},"end":{"line":11,"column":51}},"8":{"start":{"line":12,"column":33},"end":{"line":12,"column":59}},"9":{"start":{"line":13,"column":33},"end":{"line":13,"column":59}},"10":{"start":{"line":14,"column":31},"end":{"line":14,"column":55}},"11":{"start":{"line":15,"column":29},"end":{"line":15,"column":51}},"12":{"start":{"line":16,"column":32},"end":{"line":16,"column":57}},"13":{"start":{"line":18,"column":18},"end":{"line":66,"column":1}},"14":{"start":{"line":19,"column":2},"end":{"line":65,"column":3}},"15":{"start":{"line":21,"column":23},"end":{"line":21,"column":38}},"16":{"start":{"line":22,"column":6},"end":{"line":22,"column":41}},"17":{"start":{"line":22,"column":29},"end":{"line":22,"column":41}},"18":{"start":{"line":23,"column":26},"end":{"line":23,"column":47}},"19":{"start":{"line":24,"column":6},"end":{"line":30,"column":7}},"20":{"start":{"line":33,"column":18},"end":{"line":33,"column":41}},"21":{"start":{"line":34,"column":6},"end":{"line":40,"column":7}},"22":{"start":{"line":42,"column":22},"end":{"line":42,"column":45}},"23":{"start":{"line":43,"column":6},"end":{"line":46,"column":7}},"24":{"start":{"line":48,"column":6},"end":{"line":54,"column":7}},"25":{"start":{"line":56,"column":6},"end":{"line":62,"column":7}},"26":{"start":{"line":64,"column":6},"end":{"line":64,"column":18}},"27":{"start":{"line":68,"column":32},"end":{"line":72,"column":1}},"28":{"start":{"line":69,"column":12},"end":{"line":69,"column":14}},"29":{"start":{"line":70,"column":2},"end":{"line":70,"column":49}},"30":{"start":{"line":70,"column":29},"end":{"line":70,"column":46}},"31":{"start":{"line":71,"column":2},"end":{"line":71,"column":12}},"32":{"start":{"line":74,"column":30},"end":{"line":84,"column":1}},"33":{"start":{"line":75,"column":16},"end":{"line":75,"column":18}},"34":{"start":{"line":76,"column":2},"end":{"line":82,"column":4}},"35":{"start":{"line":77,"column":17},"end":{"line":77,"column":26}},"36":{"start":{"line":78,"column":4},"end":{"line":80,"column":82}},"37":{"start":{"line":81,"column":4},"end":{"line":81,"column":22}},"38":{"start":{"line":83,"column":2},"end":{"line":83,"column":16}},"39":{"start":{"line":86,"column":30},"end":{"line":95,"column":1}},"40":{"start":{"line":87,"column":16},"end":{"line":87,"column":18}},"41":{"start":{"line":88,"column":2},"end":{"line":93,"column":4}},"42":{"start":{"line":89,"column":17},"end":{"line":89,"column":26}},"43":{"start":{"line":90,"column":4},"end":{"line":91,"column":101}},"44":{"start":{"line":91,"column":58},"end":{"line":91,"column":100}},"45":{"start":{"line":92,"column":4},"end":{"line":92,"column":22}},"46":{"start":{"line":94,"column":2},"end":{"line":94,"column":16}},"47":{"start":{"line":97,"column":24},"end":{"line":104,"column":1}},"48":{"start":{"line":98,"column":18},"end":{"line":98,"column":35}},"49":{"start":{"line":100,"column":2},"end":{"line":102,"column":3}},"50":{"start":{"line":101,"column":4},"end":{"line":101,"column":26}},"51":{"start":{"line":103,"column":2},"end":{"line":103,"column":16}},"52":{"start":{"line":107,"column":31},"end":{"line":114,"column":1}},"53":{"start":{"line":116,"column":19},"end":{"line":166,"column":1}},"54":{"start":{"line":117,"column":2},"end":{"line":165,"column":3}},"55":{"start":{"line":120,"column":6},"end":{"line":124,"column":7}},"56":{"start":{"line":126,"column":23},"end":{"line":126,"column":38}},"57":{"start":{"line":127,"column":6},"end":{"line":134,"column":7}},"58":{"start":{"line":133,"column":53},"end":{"line":133,"column":59}},"59":{"start":{"line":133,"column":106},"end":{"line":133,"column":112}},"60":{"start":{"line":136,"column":6},"end":{"line":141,"column":7}},"61":{"start":{"line":143,"column":6},"end":{"line":147,"column":7}},"62":{"start":{"line":146,"column":36},"end":{"line":146,"column":65}},"63":{"start":{"line":149,"column":6},"end":{"line":152,"column":7}},"64":{"start":{"line":154,"column":6},"end":{"line":157,"column":7}},"65":{"start":{"line":159,"column":6},"end":{"line":162,"column":7}},"66":{"start":{"line":161,"column":36},"end":{"line":161,"column":69}},"67":{"start":{"line":164,"column":6},"end":{"line":164,"column":18}},"68":{"start":{"line":168,"column":20},"end":{"line":203,"column":1}},"69":{"start":{"line":169,"column":22},"end":{"line":175,"column":3}},"70":{"start":{"line":170,"column":18},"end":{"line":170,"column":20}},"71":{"start":{"line":171,"column":4},"end":{"line":173,"column":5}},"72":{"start":{"line":172,"column":6},"end":{"line":172,"column":59}},"73":{"start":{"line":174,"column":4},"end":{"line":174,"column":18}},"74":{"start":{"line":177,"column":2},"end":{"line":202,"column":3}},"75":{"start":{"line":184,"column":6},"end":{"line":186,"column":7}},"76":{"start":{"line":185,"column":8},"end":{"line":185,"column":20}},"77":{"start":{"line":187,"column":6},"end":{"line":190,"column":7}},"78":{"start":{"line":193,"column":6},"end":{"line":195,"column":7}},"79":{"start":{"line":194,"column":8},"end":{"line":194,"column":20}},"80":{"start":{"line":196,"column":6},"end":{"line":199,"column":7}},"81":{"start":{"line":201,"column":6},"end":{"line":201,"column":18}},"82":{"start":{"line":210,"column":31},"end":{"line":217,"column":2}},"83":{"start":{"line":210,"column":75},"end":{"line":217,"column":1}},"84":{"start":{"line":216,"column":23},"end":{"line":216,"column":75}},"85":{"start":{"line":219,"column":29},"end":{"line":224,"column":2}},"86":{"start":{"line":219,"column":47},"end":{"line":224,"column":1}},"87":{"start":{"line":223,"column":23},"end":{"line":223,"column":56}},"88":{"start":{"line":226,"column":36},"end":{"line":233,"column":2}},"89":{"start":{"line":226,"column":56},"end":{"line":233,"column":1}},"90":{"start":{"line":232,"column":23},"end":{"line":232,"column":61}},"91":{"start":{"line":235,"column":30},"end":{"line":240,"column":2}},"92":{"start":{"line":235,"column":60},"end":{"line":240,"column":1}},"93":{"start":{"line":238,"column":23},"end":{"line":238,"column":49}},"94":{"start":{"line":242,"column":30},"end":{"line":247,"column":2}},"95":{"start":{"line":242,"column":60},"end":{"line":247,"column":1}},"96":{"start":{"line":245,"column":23},"end":{"line":245,"column":49}},"97":{"start":{"line":249,"column":30},"end":{"line":254,"column":2}},"98":{"start":{"line":249,"column":60},"end":{"line":254,"column":1}},"99":{"start":{"line":252,"column":23},"end":{"line":252,"column":49}},"100":{"start":{"line":256,"column":26},"end":{"line":261,"column":2}},"101":{"start":{"line":256,"column":64},"end":{"line":261,"column":1}},"102":{"start":{"line":259,"column":23},"end":{"line":259,"column":53}},"103":{"start":{"line":263,"column":25},"end":{"line":268,"column":2}},"104":{"start":{"line":263,"column":56},"end":{"line":268,"column":1}},"105":{"start":{"line":266,"column":23},"end":{"line":266,"column":45}},"106":{"start":{"line":270,"column":34},"end":{"line":276,"column":2}},"107":{"start":{"line":270,"column":49},"end":{"line":276,"column":1}},"108":{"start":{"line":275,"column":23},"end":{"line":275,"column":58}},"109":{"start":{"line":278,"column":37},"end":{"line":284,"column":2}},"110":{"start":{"line":278,"column":52},"end":{"line":284,"column":1}},"111":{"start":{"line":283,"column":23},"end":{"line":283,"column":61}},"112":{"start":{"line":286,"column":33},"end":{"line":286,"column":59}},"113":{"start":{"line":286,"column":47},"end":{"line":286,"column":58}},"114":{"start":{"line":288,"column":35},"end":{"line":291,"column":55}},"115":{"start":{"line":289,"column":2},"end":{"line":291,"column":55}},"116":{"start":{"line":294,"column":26},"end":{"line":294,"column":92}},"117":{"start":{"line":294,"column":55},"end":{"line":294,"column":92}},"118":{"start":{"line":294,"column":69},"end":{"line":294,"column":91}},"119":{"start":{"line":296,"column":29},"end":{"line":305,"column":1}},"120":{"start":{"line":297,"column":21},"end":{"line":297,"column":49}},"121":{"start":{"line":298,"column":2},"end":{"line":300,"column":3}},"122":{"start":{"line":299,"column":4},"end":{"line":299,"column":52}},"123":{"start":{"line":301,"column":2},"end":{"line":304,"column":3}},"124":{"start":{"line":307,"column":27},"end":{"line":313,"column":1}},"125":{"start":{"line":308,"column":20},"end":{"line":308,"column":49}},"126":{"start":{"line":309,"column":2},"end":{"line":311,"column":3}},"127":{"start":{"line":310,"column":4},"end":{"line":310,"column":15}},"128":{"start":{"line":312,"column":2},"end":{"line":312,"column":22}}},"fnMap":{"0":{"name":"(anonymous_0)","decl":{"start":{"line":18,"column":18},"end":{"line":18,"column":19}},"loc":{"start":{"line":18,"column":42},"end":{"line":66,"column":1}},"line":18},"1":{"name":"(anonymous_1)","decl":{"start":{"line":68,"column":32},"end":{"line":68,"column":33}},"loc":{"start":{"line":68,"column":47},"end":{"line":72,"column":1}},"line":68},"2":{"name":"(anonymous_2)","decl":{"start":{"line":70,"column":20},"end":{"line":70,"column":21}},"loc":{"start":{"line":70,"column":27},"end":{"line":70,"column":48}},"line":70},"3":{"name":"(anonymous_3)","decl":{"start":{"line":74,"column":30},"end":{"line":74,"column":31}},"loc":{"start":{"line":74,"column":66},"end":{"line":84,"column":1}},"line":74},"4":{"name":"(anonymous_4)","decl":{"start":{"line":76,"column":29},"end":{"line":76,"column":30}},"loc":{"start":{"line":76,"column":35},"end":{"line":82,"column":3}},"line":76},"5":{"name":"(anonymous_5)","decl":{"start":{"line":86,"column":30},"end":{"line":86,"column":31}},"loc":{"start":{"line":86,"column":58},"end":{"line":95,"column":1}},"line":86},"6":{"name":"(anonymous_6)","decl":{"start":{"line":88,"column":21},"end":{"line":88,"column":22}},"loc":{"start":{"line":88,"column":27},"end":{"line":93,"column":3}},"line":88},"7":{"name":"(anonymous_7)","decl":{"start":{"line":91,"column":51},"end":{"line":91,"column":52}},"loc":{"start":{"line":91,"column":58},"end":{"line":91,"column":100}},"line":91},"8":{"name":"(anonymous_8)","decl":{"start":{"line":97,"column":24},"end":{"line":97,"column":25}},"loc":{"start":{"line":97,"column":39},"end":{"line":104,"column":1}},"line":97},"9":{"name":"(anonymous_9)","decl":{"start":{"line":116,"column":19},"end":{"line":116,"column":20}},"loc":{"start":{"line":116,"column":63},"end":{"line":166,"column":1}},"line":116},"10":{"name":"(anonymous_10)","decl":{"start":{"line":133,"column":46},"end":{"line":133,"column":47}},"loc":{"start":{"line":133,"column":53},"end":{"line":133,"column":59}},"line":133},"11":{"name":"(anonymous_11)","decl":{"start":{"line":133,"column":99},"end":{"line":133,"column":100}},"loc":{"start":{"line":133,"column":106},"end":{"line":133,"column":112}},"line":133},"12":{"name":"(anonymous_12)","decl":{"start":{"line":146,"column":30},"end":{"line":146,"column":31}},"loc":{"start":{"line":146,"column":36},"end":{"line":146,"column":65}},"line":146},"13":{"name":"(anonymous_13)","decl":{"start":{"line":161,"column":30},"end":{"line":161,"column":31}},"loc":{"start":{"line":161,"column":36},"end":{"line":161,"column":69}},"line":161},"14":{"name":"(anonymous_14)","decl":{"start":{"line":168,"column":20},"end":{"line":168,"column":21}},"loc":{"start":{"line":168,"column":44},"end":{"line":203,"column":1}},"line":168},"15":{"name":"(anonymous_15)","decl":{"start":{"line":169,"column":22},"end":{"line":169,"column":23}},"loc":{"start":{"line":169,"column":53},"end":{"line":175,"column":3}},"line":169},"16":{"name":"(anonymous_16)","decl":{"start":{"line":210,"column":31},"end":{"line":210,"column":32}},"loc":{"start":{"line":210,"column":75},"end":{"line":217,"column":1}},"line":210},"17":{"name":"(anonymous_17)","decl":{"start":{"line":216,"column":11},"end":{"line":216,"column":12}},"loc":{"start":{"line":216,"column":23},"end":{"line":216,"column":75}},"line":216},"18":{"name":"(anonymous_18)","decl":{"start":{"line":219,"column":29},"end":{"line":219,"column":30}},"loc":{"start":{"line":219,"column":47},"end":{"line":224,"column":1}},"line":219},"19":{"name":"(anonymous_19)","decl":{"start":{"line":223,"column":11},"end":{"line":223,"column":12}},"loc":{"start":{"line":223,"column":23},"end":{"line":223,"column":56}},"line":223},"20":{"name":"(anonymous_20)","decl":{"start":{"line":226,"column":36},"end":{"line":226,"column":37}},"loc":{"start":{"line":226,"column":56},"end":{"line":233,"column":1}},"line":226},"21":{"name":"(anonymous_21)","decl":{"start":{"line":232,"column":11},"end":{"line":232,"column":12}},"loc":{"start":{"line":232,"column":23},"end":{"line":232,"column":61}},"line":232},"22":{"name":"(anonymous_22)","decl":{"start":{"line":235,"column":30},"end":{"line":235,"column":31}},"loc":{"start":{"line":235,"column":60},"end":{"line":240,"column":1}},"line":235},"23":{"name":"(anonymous_23)","decl":{"start":{"line":238,"column":11},"end":{"line":238,"column":12}},"loc":{"start":{"line":238,"column":23},"end":{"line":238,"column":49}},"line":238},"24":{"name":"(anonymous_24)","decl":{"start":{"line":242,"column":30},"end":{"line":242,"column":31}},"loc":{"start":{"line":242,"column":60},"end":{"line":247,"column":1}},"line":242},"25":{"name":"(anonymous_25)","decl":{"start":{"line":245,"column":11},"end":{"line":245,"column":12}},"loc":{"start":{"line":245,"column":23},"end":{"line":245,"column":49}},"line":245},"26":{"name":"(anonymous_26)","decl":{"start":{"line":249,"column":30},"end":{"line":249,"column":31}},"loc":{"start":{"line":249,"column":60},"end":{"line":254,"column":1}},"line":249},"27":{"name":"(anonymous_27)","decl":{"start":{"line":252,"column":11},"end":{"line":252,"column":12}},"loc":{"start":{"line":252,"column":23},"end":{"line":252,"column":49}},"line":252},"28":{"name":"(anonymous_28)","decl":{"start":{"line":256,"column":26},"end":{"line":256,"column":27}},"loc":{"start":{"line":256,"column":64},"end":{"line":261,"column":1}},"line":256},"29":{"name":"(anonymous_29)","decl":{"start":{"line":259,"column":11},"end":{"line":259,"column":12}},"loc":{"start":{"line":259,"column":23},"end":{"line":259,"column":53}},"line":259},"30":{"name":"(anonymous_30)","decl":{"start":{"line":263,"column":25},"end":{"line":263,"column":26}},"loc":{"start":{"line":263,"column":56},"end":{"line":268,"column":1}},"line":263},"31":{"name":"(anonymous_31)","decl":{"start":{"line":266,"column":11},"end":{"line":266,"column":12}},"loc":{"start":{"line":266,"column":23},"end":{"line":266,"column":45}},"line":266},"32":{"name":"(anonymous_32)","decl":{"start":{"line":270,"column":34},"end":{"line":270,"column":35}},"loc":{"start":{"line":270,"column":49},"end":{"line":276,"column":1}},"line":270},"33":{"name":"(anonymous_33)","decl":{"start":{"line":275,"column":11},"end":{"line":275,"column":12}},"loc":{"start":{"line":275,"column":23},"end":{"line":275,"column":58}},"line":275},"34":{"name":"(anonymous_34)","decl":{"start":{"line":278,"column":37},"end":{"line":278,"column":38}},"loc":{"start":{"line":278,"column":52},"end":{"line":284,"column":1}},"line":278},"35":{"name":"(anonymous_35)","decl":{"start":{"line":283,"column":11},"end":{"line":283,"column":12}},"loc":{"start":{"line":283,"column":23},"end":{"line":283,"column":61}},"line":283},"36":{"name":"(anonymous_36)","decl":{"start":{"line":286,"column":33},"end":{"line":286,"column":34}},"loc":{"start":{"line":286,"column":47},"end":{"line":286,"column":58}},"line":286},"37":{"name":"(anonymous_37)","decl":{"start":{"line":288,"column":35},"end":{"line":288,"column":36}},"loc":{"start":{"line":289,"column":2},"end":{"line":291,"column":55}},"line":289},"38":{"name":"(anonymous_38)","decl":{"start":{"line":294,"column":26},"end":{"line":294,"column":27}},"loc":{"start":{"line":294,"column":55},"end":{"line":294,"column":92}},"line":294},"39":{"name":"(anonymous_39)","decl":{"start":{"line":294,"column":63},"end":{"line":294,"column":64}},"loc":{"start":{"line":294,"column":69},"end":{"line":294,"column":91}},"line":294},"40":{"name":"(anonymous_40)","decl":{"start":{"line":296,"column":29},"end":{"line":296,"column":30}},"loc":{"start":{"line":296,"column":46},"end":{"line":305,"column":1}},"line":296},"41":{"name":"(anonymous_41)","decl":{"start":{"line":307,"column":27},"end":{"line":307,"column":28}},"loc":{"start":{"line":307,"column":51},"end":{"line":313,"column":1}},"line":307}},"branchMap":{"0":{"loc":{"start":{"line":18,"column":19},"end":{"line":18,"column":29}},"type":"default-arg","locations":[{"start":{"line":18,"column":27},"end":{"line":18,"column":29}}],"line":18},"1":{"loc":{"start":{"line":19,"column":2},"end":{"line":65,"column":3}},"type":"switch","locations":[{"start":{"line":20,"column":4},"end":{"line":30,"column":7}},{"start":{"line":31,"column":4},"end":{"line":31,"column":30}},{"start":{"line":32,"column":4},"end":{"line":40,"column":7}},{"start":{"line":41,"column":4},"end":{"line":46,"column":7}},{"start":{"line":47,"column":4},"end":{"line":54,"column":7}},{"start":{"line":55,"column":4},"end":{"line":62,"column":7}},{"start":{"line":63,"column":4},"end":{"line":64,"column":18}}],"line":19},"2":{"loc":{"start":{"line":22,"column":6},"end":{"line":22,"column":41}},"type":"if","locations":[{"start":{"line":22,"column":6},"end":{"line":22,"column":41}},{"start":{"line":22,"column":6},"end":{"line":22,"column":41}}],"line":22},"3":{"loc":{"start":{"line":78,"column":44},"end":{"line":80,"column":82}},"type":"cond-expr","locations":[{"start":{"line":79,"column":8},"end":{"line":79,"column":40}},{"start":{"line":80,"column":8},"end":{"line":80,"column":82}}],"line":78},"4":{"loc":{"start":{"line":91,"column":58},"end":{"line":91,"column":100}},"type":"binary-expr","locations":[{"start":{"line":91,"column":58},"end":{"line":91,"column":79}},{"start":{"line":91,"column":83},"end":{"line":91,"column":100}}],"line":91},"5":{"loc":{"start":{"line":100,"column":2},"end":{"line":102,"column":3}},"type":"if","locations":[{"start":{"line":100,"column":2},"end":{"line":102,"column":3}},{"start":{"line":100,"column":2},"end":{"line":102,"column":3}}],"line":100},"6":{"loc":{"start":{"line":116,"column":20},"end":{"line":116,"column":50}},"type":"default-arg","locations":[{"start":{"line":116,"column":28},"end":{"line":116,"column":50}}],"line":116},"7":{"loc":{"start":{"line":117,"column":2},"end":{"line":165,"column":3}},"type":"switch","locations":[{"start":{"line":118,"column":4},"end":{"line":118,"column":26}},{"start":{"line":119,"column":4},"end":{"line":124,"column":7}},{"start":{"line":125,"column":4},"end":{"line":134,"column":7}},{"start":{"line":135,"column":4},"end":{"line":141,"column":7}},{"start":{"line":142,"column":4},"end":{"line":147,"column":7}},{"start":{"line":148,"column":4},"end":{"line":152,"column":7}},{"start":{"line":153,"column":4},"end":{"line":157,"column":7}},{"start":{"line":158,"column":4},"end":{"line":162,"column":7}},{"start":{"line":163,"column":4},"end":{"line":164,"column":18}}],"line":117},"8":{"loc":{"start":{"line":122,"column":14},"end":{"line":122,"column":47}},"type":"binary-expr","locations":[{"start":{"line":122,"column":14},"end":{"line":122,"column":28}},{"start":{"line":122,"column":32},"end":{"line":122,"column":47}}],"line":122},"9":{"loc":{"start":{"line":123,"column":21},"end":{"line":123,"column":64}},"type":"cond-expr","locations":[{"start":{"line":123,"column":39},"end":{"line":123,"column":52}},{"start":{"line":123,"column":55},"end":{"line":123,"column":64}}],"line":123},"10":{"loc":{"start":{"line":131,"column":17},"end":{"line":131,"column":76}},"type":"cond-expr","locations":[{"start":{"line":131,"column":47},"end":{"line":131,"column":60}},{"start":{"line":131,"column":63},"end":{"line":131,"column":76}}],"line":131},"11":{"loc":{"start":{"line":132,"column":15},"end":{"line":132,"column":96}},"type":"cond-expr","locations":[{"start":{"line":132,"column":54},"end":{"line":132,"column":73}},{"start":{"line":132,"column":76},"end":{"line":132,"column":96}}],"line":132},"12":{"loc":{"start":{"line":132,"column":15},"end":{"line":132,"column":51}},"type":"binary-expr","locations":[{"start":{"line":132,"column":15},"end":{"line":132,"column":28}},{"start":{"line":132,"column":32},"end":{"line":132,"column":51}}],"line":132},"13":{"loc":{"start":{"line":133,"column":13},"end":{"line":133,"column":114}},"type":"cond-expr","locations":[{"start":{"line":133,"column":28},"end":{"line":133,"column":60}},{"start":{"line":133,"column":63},"end":{"line":133,"column":114}}],"line":133},"14":{"loc":{"start":{"line":168,"column":21},"end":{"line":168,"column":31}},"type":"default-arg","locations":[{"start":{"line":168,"column":29},"end":{"line":168,"column":31}}],"line":168},"15":{"loc":{"start":{"line":177,"column":2},"end":{"line":202,"column":3}},"type":"switch","locations":[{"start":{"line":178,"column":4},"end":{"line":178,"column":26}},{"start":{"line":179,"column":4},"end":{"line":179,"column":32}},{"start":{"line":180,"column":4},"end":{"line":180,"column":30}},{"start":{"line":181,"column":4},"end":{"line":181,"column":33}},{"start":{"line":182,"column":4},"end":{"line":182,"column":22}},{"start":{"line":183,"column":4},"end":{"line":190,"column":7}},{"start":{"line":191,"column":4},"end":{"line":191,"column":30}},{"start":{"line":192,"column":4},"end":{"line":199,"column":7}},{"start":{"line":200,"column":4},"end":{"line":201,"column":18}}],"line":177},"16":{"loc":{"start":{"line":184,"column":6},"end":{"line":186,"column":7}},"type":"if","locations":[{"start":{"line":184,"column":6},"end":{"line":186,"column":7}},{"start":{"line":184,"column":6},"end":{"line":186,"column":7}}],"line":184},"17":{"loc":{"start":{"line":193,"column":6},"end":{"line":195,"column":7}},"type":"if","locations":[{"start":{"line":193,"column":6},"end":{"line":195,"column":7}},{"start":{"line":193,"column":6},"end":{"line":195,"column":7}}],"line":193},"18":{"loc":{"start":{"line":210,"column":47},"end":{"line":210,"column":59}},"type":"default-arg","locations":[{"start":{"line":210,"column":57},"end":{"line":210,"column":59}}],"line":210},"19":{"loc":{"start":{"line":210,"column":61},"end":{"line":210,"column":69}},"type":"default-arg","locations":[{"start":{"line":210,"column":68},"end":{"line":210,"column":69}}],"line":210},"20":{"loc":{"start":{"line":226,"column":42},"end":{"line":226,"column":50}},"type":"default-arg","locations":[{"start":{"line":226,"column":49},"end":{"line":226,"column":50}}],"line":226},"21":{"loc":{"start":{"line":235,"column":36},"end":{"line":235,"column":54}},"type":"default-arg","locations":[{"start":{"line":235,"column":52},"end":{"line":235,"column":54}}],"line":235},"22":{"loc":{"start":{"line":242,"column":36},"end":{"line":242,"column":54}},"type":"default-arg","locations":[{"start":{"line":242,"column":52},"end":{"line":242,"column":54}}],"line":242},"23":{"loc":{"start":{"line":249,"column":36},"end":{"line":249,"column":54}},"type":"default-arg","locations":[{"start":{"line":249,"column":52},"end":{"line":249,"column":54}}],"line":249},"24":{"loc":{"start":{"line":256,"column":40},"end":{"line":256,"column":58}},"type":"default-arg","locations":[{"start":{"line":256,"column":56},"end":{"line":256,"column":58}}],"line":256},"25":{"loc":{"start":{"line":263,"column":32},"end":{"line":263,"column":50}},"type":"default-arg","locations":[{"start":{"line":263,"column":48},"end":{"line":263,"column":50}}],"line":263},"26":{"loc":{"start":{"line":289,"column":2},"end":{"line":291,"column":55}},"type":"cond-expr","locations":[{"start":{"line":290,"column":4},"end":{"line":290,"column":40}},{"start":{"line":291,"column":4},"end":{"line":291,"column":55}}],"line":289},"27":{"loc":{"start":{"line":298,"column":2},"end":{"line":300,"column":3}},"type":"if","locations":[{"start":{"line":298,"column":2},"end":{"line":300,"column":3}},{"start":{"line":298,"column":2},"end":{"line":300,"column":3}}],"line":298},"28":{"loc":{"start":{"line":309,"column":2},"end":{"line":311,"column":3}},"type":"if","locations":[{"start":{"line":309,"column":2},"end":{"line":311,"column":3}},{"start":{"line":309,"column":2},"end":{"line":311,"column":3}}],"line":309}},"s":{"0":1,"1":1,"2":1,"3":1,"4":1,"5":1,"6":1,"7":1,"8":1,"9":1,"10":1,"11":1,"12":1,"13":1,"14":16,"15":4,"16":4,"17":0,"18":4,"19":4,"20":1,"21":1,"22":0,"23":0,"24":0,"25":0,"26":11,"27":1,"28":4,"29":4,"30":12,"31":4,"32":1,"33":0,"34":0,"35":0,"36":0,"37":0,"38":0,"39":1,"40":0,"41":0,"42":0,"43":0,"44":0,"45":0,"46":0,"47":1,"48":4,"49":4,"50":0,"51":4,"52":1,"53":1,"54":10,"55":5,"56":4,"57":4,"58":12,"59":0,"60":0,"61":0,"62":0,"63":0,"64":1,"65":0,"66":0,"67":0,"68":1,"69":16,"70":1,"71":1,"72":1,"73":1,"74":16,"75":9,"76":0,"77":9,"78":1,"79":0,"80":1,"81":6,"82":1,"83":5,"84":0,"85":1,"86":0,"87":0,"88":1,"89":0,"90":0,"91":1,"92":1,"93":0,"94":1,"95":0,"96":0,"97":1,"98":0,"99":0,"100":1,"101":0,"102":0,"103":1,"104":0,"105":0,"106":1,"107":0,"108":0,"109":1,"110":0,"111":0,"112":1,"113":0,"114":1,"115":0,"116":1,"117":6,"118":16,"119":1,"120":7,"121":7,"122":1,"123":6,"124":1,"125":0,"126":0,"127":0,"128":0},"f":{"0":16,"1":4,"2":12,"3":0,"4":0,"5":0,"6":0,"7":0,"8":4,"9":10,"10":12,"11":0,"12":0,"13":0,"14":16,"15":1,"16":5,"17":0,"18":0,"19":0,"20":0,"21":0,"22":1,"23":0,"24":0,"25":0,"26":0,"27":0,"28":0,"29":0,"30":0,"31":0,"32":0,"33":0,"34":0,"35":0,"36":0,"37":0,"38":6,"39":16,"40":7,"41":0},"b":{"0":[10],"1":[4,1,1,0,0,0,11],"2":[0,4],"3":[0,0],"4":[0,0],"5":[0,4],"6":[5],"7":[5,5,4,0,0,0,1,0,0],"8":[5,0],"9":[0,5],"10":[0,4],"11":[0,4],"12":[4,0],"13":[4,0],"14":[10],"15":[5,5,5,5,9,9,1,1,6],"16":[0,9],"17":[0,1],"18":[5],"19":[5],"20":[0],"21":[0],"22":[0],"23":[0],"24":[0],"25":[0],"26":[0,0],"27":[1,6],"28":[0,0]},"_coverageSchema":"332fd63041d2c1bcb487cc26dd0d5f7d97098a6c","hash":"b2d943baeaf88455798736429ca3a641779e362b"}
,"/home/raphael/Code/cozy/cozy-drive/src/lib/redux-cozy-client/utils.js": {"path":"/home/raphael/Code/cozy/cozy-drive/src/lib/redux-cozy-client/utils.js","statementMap":{"0":{"start":{"line":1,"column":25},"end":{"line":7,"column":1}},"1":{"start":{"line":2,"column":15},"end":{"line":2,"column":17}},"2":{"start":{"line":3,"column":2},"end":{"line":5,"column":3}},"3":{"start":{"line":4,"column":4},"end":{"line":4,"column":45}},"4":{"start":{"line":6,"column":2},"end":{"line":6,"column":15}},"5":{"start":{"line":9,"column":28},"end":{"line":17,"column":1}},"6":{"start":{"line":10,"column":15},"end":{"line":10,"column":17}},"7":{"start":{"line":11,"column":2},"end":{"line":15,"column":3}},"8":{"start":{"line":12,"column":4},"end":{"line":14,"column":5}},"9":{"start":{"line":13,"column":6},"end":{"line":13,"column":31}},"10":{"start":{"line":16,"column":2},"end":{"line":16,"column":15}},"11":{"start":{"line":19,"column":36},"end":{"line":26,"column":1}},"12":{"start":{"line":20,"column":2},"end":{"line":25,"column":8}},"13":{"start":{"line":21,"column":4},"end":{"line":23,"column":5}},"14":{"start":{"line":22,"column":6},"end":{"line":22,"column":28}},"15":{"start":{"line":24,"column":4},"end":{"line":24,"column":17}}},"fnMap":{"0":{"name":"(anonymous_0)","decl":{"start":{"line":1,"column":25},"end":{"line":1,"column":26}},"loc":{"start":{"line":1,"column":48},"end":{"line":7,"column":1}},"line":1},"1":{"name":"(anonymous_1)","decl":{"start":{"line":9,"column":28},"end":{"line":9,"column":29}},"loc":{"start":{"line":9,"column":48},"end":{"line":17,"column":1}},"line":9},"2":{"name":"(anonymous_2)","decl":{"start":{"line":19,"column":36},"end":{"line":19,"column":37}},"loc":{"start":{"line":19,"column":51},"end":{"line":26,"column":1}},"line":19},"3":{"name":"(anonymous_3)","decl":{"start":{"line":20,"column":33},"end":{"line":20,"column":34}},"loc":{"start":{"line":20,"column":50},"end":{"line":25,"column":3}},"line":20}},"branchMap":{"0":{"loc":{"start":{"line":12,"column":4},"end":{"line":14,"column":5}},"type":"if","locations":[{"start":{"line":12,"column":4},"end":{"line":14,"column":5}},{"start":{"line":12,"column":4},"end":{"line":14,"column":5}}],"line":12},"1":{"loc":{"start":{"line":21,"column":4},"end":{"line":23,"column":5}},"type":"if","locations":[{"start":{"line":21,"column":4},"end":{"line":23,"column":5}},{"start":{"line":21,"column":4},"end":{"line":23,"column":5}}],"line":21}},"s":{"0":1,"1":0,"2":0,"3":0,"4":0,"5":1,"6":0,"7":0,"8":0,"9":0,"10":0,"11":1,"12":0,"13":0,"14":0,"15":0},"f":{"0":0,"1":0,"2":0,"3":0},"b":{"0":[0,0],"1":[0,0]},"_coverageSchema":"332fd63041d2c1bcb487cc26dd0d5f7d97098a6c","hash":"745133c4c56dd2f0d9eb0b5585e11a061716b88d"}
}
