TN:
SF:/home/raphael/Code/cozy/cozy-drive/src/lib/redux-cozy-client/CozyAPI.js
FN:6,(anonymous_0)
FN:10,(anonymous_1)
FN:19,(anonymous_2)
FN:21,(anonymous_3)
FN:37,(anonymous_4)
FN:42,(anonymous_5)
FN:59,(anonymous_6)
FN:64,(anonymous_7)
FN:73,(anonymous_8)
FN:80,(anonymous_9)
FN:87,(anonymous_10)
FN:93,(anonymous_11)
FN:99,(anonymous_12)
FN:103,(anonymous_13)
FN:113,(anonymous_14)
FN:119,(anonymous_15)
FN:125,(anonymous_16)
FN:134,(anonymous_17)
FN:141,(anonymous_18)
FN:146,(anonymous_19)
FN:154,(anonymous_20)
FNF:21
FNH:0
FNDA:0,(anonymous_0)
FNDA:0,(anonymous_1)
FNDA:0,(anonymous_2)
FNDA:0,(anonymous_3)
FNDA:0,(anonymous_4)
FNDA:0,(anonymous_5)
FNDA:0,(anonymous_6)
FNDA:0,(anonymous_7)
FNDA:0,(anonymous_8)
FNDA:0,(anonymous_9)
FNDA:0,(anonymous_10)
FNDA:0,(anonymous_11)
FNDA:0,(anonymous_12)
FNDA:0,(anonymous_13)
FNDA:0,(anonymous_14)
FNDA:0,(anonymous_15)
FNDA:0,(anonymous_16)
FNDA:0,(anonymous_17)
FNDA:0,(anonymous_18)
FNDA:0,(anonymous_19)
FNDA:0,(anonymous_20)
DA:2,1
DA:3,1
DA:7,0
DA:12,0
DA:15,0
DA:19,0
DA:21,0
DA:23,0
DA:30,0
DA:31,0
DA:33,0
DA:38,0
DA:39,0
DA:41,0
DA:42,0
DA:45,0
DA:57,0
DA:58,0
DA:59,0
DA:60,0
DA:61,0
DA:63,0
DA:64,0
DA:65,0
DA:66,0
DA:70,0
DA:74,0
DA:76,0
DA:77,0
DA:81,0
DA:83,0
DA:84,0
DA:88,0
DA:90,0
DA:94,0
DA:96,0
DA:100,0
DA:104,0
DA:105,0
DA:107,0
DA:109,0
DA:114,0
DA:116,0
DA:120,0
DA:122,0
DA:127,0
DA:131,0
DA:133,0
DA:134,0
DA:142,0
DA:143,0
DA:148,0
DA:149,0
DA:150,0
DA:154,1
LF:55
LH:3
BRDA:30,0,0,0
BRDA:30,0,1,0
BRDA:39,1,0,0
BRDA:39,1,1,0
BRDA:41,2,0,0
BRDA:41,2,1,0
BRDA:42,3,0,0
BRDA:42,3,1,0
BRDA:57,4,0,0
BRDA:57,4,1,0
BRDA:125,5,0,0
BRDA:134,6,0,0
BRDA:134,6,1,0
BRF:13
BRH:0
end_of_record
TN:
SF:/home/raphael/Code/cozy/cozy-drive/src/lib/redux-cozy-client/CozyClient.js
FN:5,(anonymous_0)
FN:11,(anonymous_1)
FN:19,(anonymous_2)
FN:23,(anonymous_3)
FN:27,(anonymous_4)
FN:31,(anonymous_5)
FN:35,(anonymous_6)
FN:39,(anonymous_7)
FN:43,(anonymous_8)
FN:47,(anonymous_9)
FN:51,(anonymous_10)
FN:55,(anonymous_11)
FN:59,(anonymous_12)
FN:67,(anonymous_13)
FN:76,(anonymous_14)
FN:83,(anonymous_15)
FN:91,(anonymous_16)
FNF:17
FNH:0
FNDA:0,(anonymous_0)
FNDA:0,(anonymous_1)
FNDA:0,(anonymous_2)
FNDA:0,(anonymous_3)
FNDA:0,(anonymous_4)
FNDA:0,(anonymous_5)
FNDA:0,(anonymous_6)
FNDA:0,(anonymous_7)
FNDA:0,(anonymous_8)
FNDA:0,(anonymous_9)
FNDA:0,(anonymous_10)
FNDA:0,(anonymous_11)
FNDA:0,(anonymous_12)
FNDA:0,(anonymous_13)
FNDA:0,(anonymous_14)
FNDA:0,(anonymous_15)
FNDA:0,(anonymous_16)
DA:6,0
DA:7,0
DA:8,0
DA:12,0
DA:13,0
DA:14,0
DA:16,0
DA:20,0
DA:24,0
DA:28,0
DA:32,0
DA:36,0
DA:40,0
DA:44,0
DA:48,0
DA:52,0
DA:56,0
DA:60,0
DA:61,0
DA:62,0
DA:64,0
DA:68,0
DA:69,0
DA:73,0
DA:77,0
DA:78,0
DA:80,0
DA:84,0
DA:85,0
DA:86,0
DA:88,0
DA:92,0
DA:93,0
DA:94,0
DA:96,0
LF:35
LH:0
BRDA:11,0,0,0
BRDA:11,1,0,0
BRDA:12,2,0,0
BRDA:12,2,1,0
BRDA:27,3,0,0
BRDA:60,4,0,0
BRDA:60,4,1,0
BRDA:77,5,0,0
BRDA:77,5,1,0
BRDA:85,6,0,0
BRDA:85,6,1,0
BRDA:93,7,0,0
BRDA:93,7,1,0
BRF:13
BRH:0
end_of_record
TN:
SF:/home/raphael/Code/cozy/cozy-drive/src/lib/redux-cozy-client/CozyProvider.jsx
FN:24,(anonymous_0)
FN:31,(anonymous_1)
FNF:2
FNH:0
FNDA:0,(anonymous_0)
FNDA:0,(anonymous_1)
DA:25,0
DA:32,0
LF:2
LH:0
BRDA:26,0,0,0
BRDA:26,0,1,0
BRDA:32,1,0,0
BRDA:32,1,1,0
BRDA:32,1,2,0
BRF:5
BRH:0
end_of_record
TN:
SF:/home/raphael/Code/cozy/cozy-drive/src/lib/redux-cozy-client/connect.jsx
FN:8,(anonymous_0)
FN:10,(anonymous_1)
FN:10,(anonymous_2)
FN:16,(anonymous_3)
FN:24,(anonymous_4)
FN:24,(anonymous_5)
FN:26,(anonymous_6)
FN:34,(anonymous_7)
FN:48,(anonymous_8)
FN:51,(anonymous_9)
FN:52,(anonymous_10)
FN:53,(anonymous_11)
FN:55,(anonymous_12)
FN:61,(anonymous_13)
FN:62,(anonymous_14)
FNF:15
FNH:0
FNDA:0,(anonymous_0)
FNDA:0,(anonymous_1)
FNDA:0,(anonymous_2)
FNDA:0,(anonymous_3)
FNDA:0,(anonymous_4)
FNDA:0,(anonymous_5)
FNDA:0,(anonymous_6)
FNDA:0,(anonymous_7)
FNDA:0,(anonymous_8)
FNDA:0,(anonymous_9)
FNDA:0,(anonymous_10)
FNDA:0,(anonymous_11)
FNDA:0,(anonymous_12)
FNDA:0,(anonymous_13)
FNDA:0,(anonymous_14)
DA:8,1
DA:10,1
DA:11,0
DA:12,0
DA:13,0
DA:15,0
DA:16,0
DA:18,0
DA:24,1
DA:27,0
DA:28,0
DA:29,0
DA:30,0
DA:35,0
DA:36,0
DA:37,0
DA:44,0
DA:48,0
DA:49,0
DA:51,0
DA:52,0
DA:53,0
DA:55,0
DA:56,0
DA:61,0
DA:62,0
DA:66,0
DA:69,0
LF:28
LH:3
BRDA:8,0,0,0
BRDA:8,0,1,0
BRDA:12,1,0,0
BRDA:12,1,1,0
BRDA:15,2,0,0
BRDA:15,2,1,0
BRDA:24,3,0,0
BRDA:51,4,0,0
BRDA:51,4,1,0
BRDA:51,4,2,0
BRDA:56,5,0,0
BRDA:56,5,1,0
BRDA:62,6,0,0
BRDA:62,6,1,0
BRF:14
BRH:0
end_of_record
TN:
SF:/home/raphael/Code/cozy/cozy-drive/src/lib/redux-cozy-client/helpers.js
FN:3,(anonymous_0)
FN:11,(anonymous_1)
FN:22,(anonymous_2)
FN:29,(anonymous_3)
FNF:4
FNH:0
FNDA:0,(anonymous_0)
FNDA:0,(anonymous_1)
FNDA:0,(anonymous_2)
FNDA:0,(anonymous_3)
DA:3,1
DA:4,0
DA:11,1
DA:12,0
DA:13,0
DA:14,0
DA:15,0
DA:16,0
DA:17,0
DA:18,0
DA:22,1
DA:23,0
DA:24,0
DA:25,0
DA:26,0
DA:29,1
DA:30,0
DA:31,0
DA:32,0
DA:33,0
LF:20
LH:4
BRF:0
BRH:0
end_of_record
TN:
SF:/home/raphael/Code/cozy/cozy-drive/src/lib/redux-cozy-client/index.js
FNF:0
FNH:0
LF:0
LH:0
BRF:0
BRH:0
end_of_record
TN:
SF:/home/raphael/Code/cozy/cozy-drive/src/lib/redux-cozy-client/middleware.js
FN:1,(anonymous_0)
FN:1,(anonymous_1)
FN:2,(anonymous_2)
FN:2,(anonymous_3)
FN:10,(anonymous_4)
FN:15,(anonymous_5)
FN:26,(anonymous_6)
FN:30,(anonymous_7)
FN:34,(anonymous_8)
FNF:9
FNH:0
FNDA:0,(anonymous_0)
FNDA:0,(anonymous_1)
FNDA:0,(anonymous_2)
FNDA:0,(anonymous_3)
FNDA:0,(anonymous_4)
FNDA:0,(anonymous_5)
FNDA:0,(anonymous_6)
FNDA:0,(anonymous_7)
FNDA:0,(anonymous_8)
DA:1,1
DA:2,0
DA:3,0
DA:4,0
DA:5,0
DA:8,0
DA:9,0
DA:10,0
DA:13,0
DA:14,0
DA:16,0
DA:17,0
DA:21,0
DA:22,0
DA:24,0
DA:27,0
DA:28,0
DA:31,0
DA:32,0
DA:35,0
DA:36,0
LF:21
LH:1
BRDA:4,0,0,0
BRDA:4,0,1,0
BRDA:8,1,0,0
BRDA:8,1,1,0
BRDA:8,2,0,0
BRDA:8,2,1,0
BRDA:13,3,0,0
BRDA:13,3,1,0
BRF:8
BRH:0
end_of_record
TN:
SF:/home/raphael/Code/cozy/cozy-drive/src/lib/redux-cozy-client/reducer.js
FN:18,(anonymous_0)
FN:68,(anonymous_1)
FN:70,(anonymous_2)
FN:74,(anonymous_3)
FN:76,(anonymous_4)
FN:86,(anonymous_5)
FN:88,(anonymous_6)
FN:91,(anonymous_7)
FN:97,(anonymous_8)
FN:116,(anonymous_9)
FN:133,(anonymous_10)
FN:133,(anonymous_11)
FN:146,(anonymous_12)
FN:161,(anonymous_13)
FN:168,(anonymous_14)
FN:169,(anonymous_15)
FN:210,(anonymous_16)
FN:216,(anonymous_17)
FN:219,(anonymous_18)
FN:223,(anonymous_19)
FN:226,(anonymous_20)
FN:232,(anonymous_21)
FN:235,(anonymous_22)
FN:238,(anonymous_23)
FN:242,(anonymous_24)
FN:245,(anonymous_25)
FN:249,(anonymous_26)
FN:252,(anonymous_27)
FN:256,(anonymous_28)
FN:259,(anonymous_29)
FN:263,(anonymous_30)
FN:266,(anonymous_31)
FN:270,(anonymous_32)
FN:275,(anonymous_33)
FN:278,(anonymous_34)
FN:283,(anonymous_35)
FN:286,(anonymous_36)
FN:288,(anonymous_37)
FN:294,(anonymous_38)
FN:294,(anonymous_39)
FN:296,(anonymous_40)
FN:307,(anonymous_41)
FNF:42
FNH:13
FNDA:16,(anonymous_0)
FNDA:4,(anonymous_1)
FNDA:12,(anonymous_2)
FNDA:0,(anonymous_3)
FNDA:0,(anonymous_4)
FNDA:0,(anonymous_5)
FNDA:0,(anonymous_6)
FNDA:0,(anonymous_7)
FNDA:4,(anonymous_8)
FNDA:10,(anonymous_9)
FNDA:12,(anonymous_10)
FNDA:0,(anonymous_11)
FNDA:0,(anonymous_12)
FNDA:0,(anonymous_13)
FNDA:16,(anonymous_14)
FNDA:1,(anonymous_15)
FNDA:5,(anonymous_16)
FNDA:0,(anonymous_17)
FNDA:0,(anonymous_18)
FNDA:0,(anonymous_19)
FNDA:0,(anonymous_20)
FNDA:0,(anonymous_21)
FNDA:1,(anonymous_22)
FNDA:0,(anonymous_23)
FNDA:0,(anonymous_24)
FNDA:0,(anonymous_25)
FNDA:0,(anonymous_26)
FNDA:0,(anonymous_27)
FNDA:0,(anonymous_28)
FNDA:0,(anonymous_29)
FNDA:0,(anonymous_30)
FNDA:0,(anonymous_31)
FNDA:0,(anonymous_32)
FNDA:0,(anonymous_33)
FNDA:0,(anonymous_34)
FNDA:0,(anonymous_35)
FNDA:0,(anonymous_36)
FNDA:0,(anonymous_37)
FNDA:6,(anonymous_38)
FNDA:16,(anonymous_39)
FNDA:7,(anonymous_40)
FNDA:0,(anonymous_41)
DA:4,1
DA:5,1
DA:6,1
DA:7,1
DA:8,1
DA:9,1
DA:10,1
DA:11,1
DA:12,1
DA:13,1
DA:14,1
DA:15,1
DA:16,1
DA:18,1
DA:19,16
DA:21,4
DA:22,4
DA:23,4
DA:24,4
DA:33,1
DA:34,1
DA:42,0
DA:43,0
DA:48,0
DA:56,0
DA:64,11
DA:68,1
DA:69,4
DA:70,12
DA:71,4
DA:74,1
DA:75,0
DA:76,0
DA:77,0
DA:78,0
DA:81,0
DA:83,0
DA:86,1
DA:87,0
DA:88,0
DA:89,0
DA:90,0
DA:91,0
DA:92,0
DA:94,0
DA:97,1
DA:98,4
DA:100,4
DA:101,0
DA:103,4
DA:107,1
DA:116,1
DA:117,10
DA:120,5
DA:126,4
DA:127,4
DA:133,12
DA:136,0
DA:143,0
DA:146,0
DA:149,0
DA:154,1
DA:159,0
DA:161,0
DA:164,0
DA:168,1
DA:169,16
DA:170,1
DA:171,1
DA:172,1
DA:174,1
DA:177,16
DA:184,9
DA:185,0
DA:187,9
DA:193,1
DA:194,0
DA:196,1
DA:201,6
DA:210,5
DA:216,0
DA:219,1
DA:223,0
DA:226,1
DA:232,0
DA:235,1
DA:238,0
DA:242,1
DA:245,0
DA:249,1
DA:252,0
DA:256,1
DA:259,0
DA:263,1
DA:266,0
DA:270,1
DA:275,0
DA:278,1
DA:283,0
DA:286,1
DA:288,1
DA:289,0
DA:294,16
DA:296,1
DA:297,7
DA:298,7
DA:299,1
DA:301,6
DA:307,1
DA:308,0
DA:309,0
DA:310,0
DA:312,0
LF:113
LH:71
BRDA:18,0,0,10
BRDA:19,1,0,4
BRDA:19,1,1,1
BRDA:19,1,2,1
BRDA:19,1,3,0
BRDA:19,1,4,0
BRDA:19,1,5,0
BRDA:19,1,6,11
BRDA:22,2,0,0
BRDA:22,2,1,4
BRDA:78,3,0,0
BRDA:78,3,1,0
BRDA:91,4,0,0
BRDA:91,4,1,0
BRDA:100,5,0,0
BRDA:100,5,1,4
BRDA:116,6,0,5
BRDA:117,7,0,5
BRDA:117,7,1,5
BRDA:117,7,2,4
BRDA:117,7,3,0
BRDA:117,7,4,0
BRDA:117,7,5,0
BRDA:117,7,6,1
BRDA:117,7,7,0
BRDA:117,7,8,0
BRDA:122,8,0,5
BRDA:122,8,1,0
BRDA:123,9,0,0
BRDA:123,9,1,5
BRDA:131,10,0,0
BRDA:131,10,1,4
BRDA:132,11,0,0
BRDA:132,11,1,4
BRDA:132,12,0,4
BRDA:132,12,1,0
BRDA:133,13,0,4
BRDA:133,13,1,0
BRDA:168,14,0,10
BRDA:177,15,0,5
BRDA:177,15,1,5
BRDA:177,15,2,5
BRDA:177,15,3,5
BRDA:177,15,4,9
BRDA:177,15,5,9
BRDA:177,15,6,1
BRDA:177,15,7,1
BRDA:177,15,8,6
BRDA:184,16,0,0
BRDA:184,16,1,9
BRDA:193,17,0,0
BRDA:193,17,1,1
BRDA:210,18,0,5
BRDA:210,19,0,5
BRDA:226,20,0,0
BRDA:235,21,0,0
BRDA:242,22,0,0
BRDA:249,23,0,0
BRDA:256,24,0,0
BRDA:263,25,0,0
BRDA:289,26,0,0
BRDA:289,26,1,0
BRDA:298,27,0,1
BRDA:298,27,1,6
BRDA:309,28,0,0
BRDA:309,28,1,0
BRF:66
BRH:34
end_of_record
TN:
SF:/home/raphael/Code/cozy/cozy-drive/src/lib/redux-cozy-client/utils.js
FN:1,(anonymous_0)
FN:9,(anonymous_1)
FN:19,(anonymous_2)
FN:20,(anonymous_3)
FNF:4
FNH:0
FNDA:0,(anonymous_0)
FNDA:0,(anonymous_1)
FNDA:0,(anonymous_2)
FNDA:0,(anonymous_3)
DA:1,1
DA:2,0
DA:3,0
DA:4,0
DA:6,0
DA:9,1
DA:10,0
DA:11,0
DA:12,0
DA:13,0
DA:16,0
DA:19,1
DA:20,0
DA:21,0
DA:22,0
DA:24,0
LF:16
LH:3
BRDA:12,0,0,0
BRDA:12,0,1,0
BRDA:21,1,0,0
BRDA:21,1,1,0
BRF:4
BRH:0
end_of_record
